2025-04-03 13:51:32.025 [info] Extension host with pid 86726 started
2025-04-03 13:51:32.042 [info] ExtensionService#_doActivateExtension vscode.github-authentication, startup: false, activationEvent: 'onAuthenticationRequest:github'
2025-04-03 13:51:32.112 [info] ExtensionService#_doActivateExtension vscode.git-base, startup: true, activationEvent: '*', root cause: vscode.git
2025-04-03 13:51:32.136 [info] ExtensionService#_doActivateExtension vscode.git, startup: true, activationEvent: '*'
2025-04-03 13:51:32.221 [info] ExtensionService#_doActivateExtension vscode.github, startup: true, activationEvent: '*'
2025-04-03 13:51:32.371 [info] Eager extensions activated
2025-04-03 13:51:32.379 [info] ExtensionService#_doActivateExtension vscode.debug-auto-launch, startup: false, activationEvent: 'onStartupFinished'
2025-04-03 13:51:32.410 [info] ExtensionService#_doActivateExtension vscode.merge-conflict, startup: false, activationEvent: 'onStartupFinished'
2025-04-03 13:51:34.518 [info] Extension host terminating: renderer closed the MessagePort
2025-04-03 13:51:34.530 [error] ProxyResolver#resolveProxy undefined Canceled: Canceled
	at zc (file:///usr/share/code/resources/app/out/vs/workbench/api/node/extensionHostProcess.js:7:1218)
	at file:///usr/share/code/resources/app/out/vs/workbench/api/node/extensionHostProcess.js:29:113122
	at Array.forEach (<anonymous>)
	at qy.dispose (file:///usr/share/code/resources/app/out/vs/workbench/api/node/extensionHostProcess.js:29:113062)
	at zz.terminate (file:///usr/share/code/resources/app/out/vs/workbench/api/node/extensionHostProcess.js:116:10084)
	at OI.terminate (file:///usr/share/code/resources/app/out/vs/workbench/api/node/extensionHostProcess.js:117:1434)
	at ts (file:///usr/share/code/resources/app/out/vs/workbench/api/node/extensionHostProcess.js:190:15108)
	at MessagePortMain.<anonymous> (file:///usr/share/code/resources/app/out/vs/workbench/api/node/extensionHostProcess.js:190:11656)
	at MessagePortMain.emit (node:events:518:28)
	at MessagePortMain._internalPort.emit (node:electron/js2c/utility_init:2:2949) 
2025-04-03 13:51:34.561 [info] Extension host with pid 86726 exiting with code 0
